{"name": "test_create_courier_without_first_name", "status": "failed", "statusDetails": {"message": "AssertionError: Expected status code 400 for missing first name\nassert 409 == 400\n +  where 409 = <Response [409]>.status_code", "trace": "tests\\test_create_courier.py:73: in test_create_courier_without_first_name\n    assert response.status_code == 400, \"Expected status code 400 for missing first name\"\nE   AssertionError: Expected status code 400 for missing first name\nE   assert 409 == 400\nE    +  where 409 = <Response [409]>.status_code\n        config     = 'https://qa-scooter.praktikum-services.ru'\n        generate_user_data = {'first_name': 'gerlpeejls', 'login': 'bhrxemocpc', 'password': 'ltnqlpcyad'}\n        payload    = {'login': 'bhrxemocpc', 'password': 'ltnqlpcyad'}\n        response   = <Response [409]>\n        self       = <tests.test_create_courier.TestCreateCourier object at 0x000001FD0C96B950>\n        url        = 'https://qa-scooter.praktikum-services.ru/api/v1/courier'"}, "steps": [{"name": "Test courier creation without first name", "status": "failed", "statusDetails": {"message": "AssertionError: Expected status code 400 for missing first name\nassert 409 == 400\n +  where 409 = <Response [409]>.status_code\n", "trace": "  File \"C:\\Users\\Linx\\PycharmProjects\\Sprint_7\\.venv\\Lib\\site-packages\\allure_commons\\_allure.py\", line 192, in impl\n    return func(*a, **kw)\n           ^^^^^^^^^^^^^^\n  File \"C:\\Users\\Linx\\PycharmProjects\\Sprint_7\\tests\\test_create_courier.py\", line 73, in test_create_courier_without_first_name\n    assert response.status_code == 400, \"Expected status code 400 for missing first name\"\n"}, "parameters": [{"name": "generate_user_data", "value": "{'login': 'bhrxemocpc', 'password': 'ltnqlpcyad', 'first_name': 'gerlpeejls'}"}, {"name": "config", "value": "'https://qa-scooter.praktikum-services.ru'"}], "start": 1727641112683, "stop": 1727641113011}], "start": 1727641112682, "stop": 1727641113012, "uuid": "85253966-a03d-4e16-b8dc-8ddfe334f799", "historyId": "e888f2b49885919ea40b137000459b89", "testCaseId": "e888f2b49885919ea40b137000459b89", "fullName": "tests.test_create_courier.TestCreateCourier#test_create_courier_without_first_name", "labels": [{"name": "suite", "value": "Courier Creation Tests"}, {"name": "tag", "value": "xfailed"}, {"name": "parentSuite", "value": "tests"}, {"name": "subSuite", "value": "TestCreateCourier"}, {"name": "host", "value": "DRAKOSH"}, {"name": "thread", "value": "15504-MainThread"}, {"name": "framework", "value": "pytest"}, {"name": "language", "value": "cpython3"}, {"name": "package", "value": "tests.test_create_courier"}]}